<?xml version="1.0" encoding="UTF-8"?>
<!-- Generated by org.testng.reporters.JUnitReportReporter -->
<testsuite hostname="DESKTOP-OEI395N" failures="0" tests="2" name="Maven_jenkins.WDGET2024045_MavenJenkins.AppTest" time="15.120" errors="0" timestamp="2024-03-30T16:31:54 IST" skipped="1">
  <testcase classname="Maven_jenkins.WDGET2024045_MavenJenkins.AppTest" name="validateLogin" time="15.120"/>
  <testcase classname="Maven_jenkins.WDGET2024045_MavenJenkins.AppTest" name="openBrowser">
    <skipped/>
  </testcase> <!-- openBrowser -->
</testsuite> <!-- Maven_jenkins.WDGET2024045_MavenJenkins.AppTest -->
